{"name": "test_Create_User", "status": "failed", "statusDetails": {"message": "AssertionError: assert 200 == 201\n +  where 200 = <Response [200]>.status_code", "trace": "def test_Create_User():\n        #read input Json file\n        file = open(\"D:\\\\AutomationSampleDataFiles\\\\CreateUser.json\", \"r\")\n        json_input = file.read()\n        #Parse json_input string file to json object\n        request_json = json.loads(json_input)\n    \n        #Now make post request along with the json body\n        response = requests.get(url, request_json)\n    \n        #Validate the response code\n        #print(response.status_code)\n>       assert response.status_code == 201\nE       assert 200 == 201\nE        +  where 200 = <Response [200]>.status_code\n\nTestCases\\test_CreateUser.py:21: AssertionError"}, "start": 1624849012266, "stop": 1624849012630, "uuid": "dcfd8159-c0a6-4939-8912-ac67e283c661", "historyId": "0e683ef6fb3edbbb4ccab5a6e3f86c56", "testCaseId": "453396bd54adc75b6090e3a4fdf8f24d", "fullName": "TestCases.test_CreateUser#test_Create_User", "labels": [{"name": "parentSuite", "value": "TestCases"}, {"name": "suite", "value": "test_CreateUser"}, {"name": "host", "value": "DESKTOP-UL8SN2M"}, {"name": "thread", "value": "9004-MainThread"}, {"name": "framework", "value": "pytest"}, {"name": "language", "value": "cpython3"}, {"name": "package", "value": "TestCases.test_CreateUser"}]}